/*C4*/SET SCHEMA PUBLIC
\u000d\u000a    alter table User_Phone \u000d\u000a       drop constraint UK_cjnlrmkq4w8i9d00pxpwpiekg
\u000d\u000a    alter table User_Phone \u000d\u000a       add constraint UK_cjnlrmkq4w8i9d00pxpwpiekg unique (phones_id)
DELETE FROM USER WHERE ID=11
COMMIT
INSERT INTO USER VALUES(12,'test@faker.com','test','123456')
ALTER SEQUENCE PUBLIC.HIBERNATE_SEQUENCE RESTART WITH 13
COMMIT
/*C5*/SET SCHEMA PUBLIC
\u000d\u000a    alter table User_Phone \u000d\u000a       drop constraint UK_cjnlrmkq4w8i9d00pxpwpiekg
\u000d\u000a    alter table User_Phone \u000d\u000a       add constraint UK_cjnlrmkq4w8i9d00pxpwpiekg unique (phones_id)
DELETE FROM USER WHERE ID=12
COMMIT
INSERT INTO USER VALUES(13,'test@faker.com','test','123456')
ALTER SEQUENCE PUBLIC.HIBERNATE_SEQUENCE RESTART WITH 14
COMMIT
DELETE FROM USER WHERE ID=13
INSERT INTO USER VALUES(13,'test@change.com','test','123456')
COMMIT
/*C6*/SET SCHEMA PUBLIC
\u000d\u000a    alter table User_Phone \u000d\u000a       drop constraint UK_cjnlrmkq4w8i9d00pxpwpiekg
\u000d\u000a    alter table User_Phone \u000d\u000a       add constraint UK_cjnlrmkq4w8i9d00pxpwpiekg unique (phones_id)
